[33mΓ¥»[39m Building...
node.exe : NG02801: Angular detected that `HttpClient` is not configured to 
use `fetch` APIs. It's strongly recommended to enable `fetch` for applications 
that use Server-Side Rendering for better performance and compatibility. To 
enable `fetch`, add the `withFetch()` to the `provideHttpClient()` call at the 
root of the application.
At line:1 char:1
+ & "C:\Program Files\nodejs/node.exe" "C:\Users\IKYY\AppData\Roaming\n ...
+ ~~~~~~~~~~~~~~~~~~~~~~~~~~~~~~~~~~~~~~~~~~~~~~~~~~~~~~~~~~~~~~~~~~~~~
    + CategoryInfo          : NotSpecified    : (NG02801: Angula...he 
application.:S    tring) [], RemoteException
    + FullyQualifiedErrorId : NativeComman    dError
 
NG02801: Angular detected that `HttpClient` is not configured to use `fetch` 
APIs. It's strongly recommended to enable `fetch` for applications that use 
Server-Side Rendering for better performance and compatibility. To enable 
`fetch`, add the `withFetch()` to the `provideHttpClient()` call at the root 
of the application.
NG02801: Angular detected that `HttpClient` is not configured to use `fetch` 
APIs. It's strongly recommended to enable `fetch` for applications that use 
Server-Side Rendering for better performance and compatibility. To enable 
`fetch`, add the `withFetch()` to the `provideHttpClient()` call at the root 
of the application.
@ngrx/store: The feature name "thumbnailGenerator" does not exist in the 
state, therefore createFeatureSelector cannot access it.  Be sure it is 
imported in a loaded module using StoreModule.forRoot('thumbnailGenerator', 
...) or StoreModule.forFeature('thumbnailGenerator', ...).  If the default 
state is intended to be undefined, as is the case with router state, this 
development-only warning message can be ignored.
@ngrx/store: The feature name "denoiser" does not exist in the state, 
therefore createFeatureSelector cannot access it.  Be sure it is imported in a 
loaded module using StoreModule.forRoot('denoiser', ...) or 
StoreModule.forFeature('denoiser', ...).  If the default state is intended to 
be undefined, as is the case with router state, this development-only warning 
message can be ignored.
@ngrx/store: The feature name "metadataEditor" does not exist in the state, 
therefore createFeatureSelector cannot access it.  Be sure it is imported in a 
loaded module using StoreModule.forRoot('metadataEditor', ...) or 
StoreModule.forFeature('metadataEditor', ...).  If the default state is 
intended to be undefined, as is the case with router state, this 
development-only warning message can be ignored.
NG02801: Angular detected that `HttpClient` is not configured to use `fetch` 
APIs. It's strongly recommended to enable `fetch` for applications that use 
Server-Side Rendering for better performance and compatibility. To enable 
`fetch`, add the `withFetch()` to the `provideHttpClient()` call at the root 
of the application.
@ngrx/store: The feature name "pip" does not exist in the state, therefore 
createFeatureSelector cannot access it.  Be sure it is imported in a loaded 
module using StoreModule.forRoot('pip', ...) or StoreModule.forFeature('pip', 
...).  If the default state is intended to be undefined, as is the case with 
router state, this development-only warning message can be ignored.
@ngrx/store: The feature name "screenRecorder" does not exist in the state, 
therefore createFeatureSelector cannot access it.  Be sure it is imported in a 
loaded module using StoreModule.forRoot('screenRecorder', ...) or 
StoreModule.forFeature('screenRecorder', ...).  If the default state is 
intended to be undefined, as is the case with router state, this 
development-only warning message can be ignored.
@ngrx/store: The feature name "transitions" does not exist in the state, 
therefore createFeatureSelector cannot access it.  Be sure it is imported in a 
loaded module using StoreModule.forRoot('transitions', ...) or 
StoreModule.forFeature('transitions', ...).  If the default state is intended 
to be undefined, as is the case with router state, this development-only 
warning message can be ignored.
@ngrx/store: The feature name "analyser" does not exist in the state, 
therefore createFeatureSelector cannot access it.  Be sure it is imported in a 
loaded module using StoreModule.forRoot('analyser', ...) or 
StoreModule.forFeature('analyser', ...).  If the default state is intended to 
be undefined, as is the case with router state, this development-only warning 
message can be ignored.
@ngrx/store: The feature name "slideshow" does not exist in the state, 
therefore createFeatureSelector cannot access it.  Be sure it is imported in a 
loaded module using StoreModule.forRoot('slideshow', ...) or 
StoreModule.forFeature('slideshow', ...).  If the default state is intended to 
be undefined, as is the case with router state, this development-only warning 
message can be ignored.
@ngrx/store: The feature name "recorder" does not exist in the state, 
therefore createFeatureSelector cannot access it.  Be sure it is imported in a 
loaded module using StoreModule.forRoot('recorder', ...) or 
StoreModule.forFeature('recorder', ...).  If the default state is intended to 
be undefined, as is the case with router state, this development-only warning 
message can be ignored.
@ngrx/store: The feature name "pitchShifter" does not exist in the state, 
therefore createFeatureSelector cannot access it.  Be sure it is imported in a 
loaded module using StoreModule.forRoot('pitchShifter', ...) or 
StoreModule.forFeature('pitchShifter', ...).  If the default state is intended 
to be undefined, as is the case with router state, this development-only 
warning message can be ignored.
@ngrx/store: The feature name "dynamicsCompressor" does not exist in the 
state, therefore createFeatureSelector cannot access it.  Be sure it is 
imported in a loaded module using StoreModule.forRoot('dynamicsCompressor', 
...) or StoreModule.forFeature('dynamicsCompressor', ...).  If the default 
state is intended to be undefined, as is the case with router state, this 
development-only warning message can be ignored.
@ngrx/store: The feature name "normalizer" does not exist in the state, 
therefore createFeatureSelector cannot access it.  Be sure it is imported in a 
loaded module using StoreModule.forRoot('normalizer', ...) or 
StoreModule.forFeature('normalizer', ...).  If the default state is intended 
to be undefined, as is the case with router state, this development-only 
warning message can be ignored.
@ngrx/store: The feature name "audioSplitter" does not exist in the state, 
therefore createFeatureSelector cannot access it.  Be sure it is imported in a 
loaded module using StoreModule.forRoot('audioSplitter', ...) or 
StoreModule.forFeature('audioSplitter', ...).  If the default state is 
intended to be undefined, as is the case with router state, this 
development-only warning message can be ignored.
ERROR ReferenceError: AudioContext is not defined
    at _ProceduralMusicService.<instance_members_initializer> (C:\Users\IKYY\Do
wnloads\HEAVY-TOOLS\.angular\prerender-root\5a0bbfb7-d54a-4f81-8bc4-d70cd6bd78a
9\src\app\modules\audio\11-music-generator\services\procedural-music.service.ts
:127:26)
    at new _ProceduralMusicService (C:\Users\IKYY\Downloads\HEAVY-TOOLS\.angula
r\prerender-root\5a0bbfb7-d54a-4f81-8bc4-d70cd6bd78a9\src\app\modules\audio\11-
music-generator\services\procedural-music.service.ts:122:7)
    at Object.ProceduralMusicService_Factory (C:\Users\IKYY\Downloads\HEAVY-TOO
LS\.angular\prerender-root\5a0bbfb7-d54a-4f81-8bc4-d70cd6bd78a9\src\app\modules
\audio\11-music-generator\services\procedural-music.service.ts:454:3)
    at <anonymous> (C:\Users\IKYY\Downloads\HEAVY-TOOLS\.angular\prerender-root
\5a0bbfb7-d54a-4f81-8bc4-d70cd6bd78a9\node_modules\@angular\core\fesm2022\_effe
ct-chunk2.mjs:1316:35)
    at runInInjectorProfilerContext (C:\Users\IKYY\Downloads\HEAVY-TOOLS\.angul
ar\prerender-root\5a0bbfb7-d54a-4f81-8bc4-d70cd6bd78a9\node_modules\@angular\co
re\fesm2022\_effect-chunk2.mjs:444:5)
    at R3Injector.hydrate (C:\Users\IKYY\Downloads\HEAVY-TOOLS\.angular\prerend
er-root\5a0bbfb7-d54a-4f81-8bc4-d70cd6bd78a9\node_modules\@angular\core\fesm202
2\_effect-chunk2.mjs:1314:11)
    at R3Injector.get (C:\Users\IKYY\Downloads\HEAVY-TOOLS\.angular\prerender-r
oot\5a0bbfb7-d54a-4f81-8bc4-d70cd6bd78a9\node_modules\@angular\core\fesm2022\_e
ffect-chunk2.mjs:1203:23)
    at R3Injector.get (C:\Users\IKYY\Downloads\HEAVY-TOOLS\.angular\prerender-r
oot\5a0bbfb7-d54a-4f81-8bc4-d70cd6bd78a9\node_modules\@angular\core\fesm2022\_e
ffect-chunk2.mjs:1208:27)
    at ChainedInjector.get (C:\Users\IKYY\Downloads\HEAVY-TOOLS\.angular\preren
der-root\5a0bbfb7-d54a-4f81-8bc4-d70cd6bd78a9\node_modules\@angular\core\fesm20
22\_debug_node-chunk.mjs:7678:32)
    at lookupTokenUsingModuleInjector (C:\Users\IKYY\Downloads\HEAVY-TOOLS\.ang
ular\prerender-root\5a0bbfb7-d54a-4f81-8bc4-d70cd6bd78a9\node_modules\@angular\
core\fesm2022\_debug_node-chunk.mjs:890:31)
@ngrx/store: The feature name "audioFade" does not exist in the state, 
therefore createFeatureSelector cannot access it.  Be sure it is imported in a 
loaded module using StoreModule.forRoot('audioFade', ...) or 
StoreModule.forFeature('audioFade', ...).  If the default state is intended to 
be undefined, as is the case with router state, this development-only warning 
message can be ignored.
@ngrx/store: The feature name "audioBatch" does not exist in the state, 
therefore createFeatureSelector cannot access it.  Be sure it is imported in a 
loaded module using StoreModule.forRoot('audioBatch', ...) or 
StoreModule.forFeature('audioBatch', ...).  If the default state is intended 
to be undefined, as is the case with router state, this development-only 
warning message can be ignored.
@ngrx/store: The feature name "audioReverser" does not exist in the state, 
therefore createFeatureSelector cannot access it.  Be sure it is imported in a 
loaded module using StoreModule.forRoot('audioReverser', ...) or 
StoreModule.forFeature('audioReverser', ...).  If the default state is 
intended to be undefined, as is the case with router state, this 
development-only warning message can be ignored.
@ngrx/store: The feature name "channelMixer" does not exist in the state, 
therefore createFeatureSelector cannot access it.  Be sure it is imported in a 
loaded module using StoreModule.forRoot('channelMixer', ...) or 
StoreModule.forFeature('channelMixer', ...).  If the default state is intended 
to be undefined, as is the case with router state, this development-only 
warning message can be ignored.
@ngrx/store: The feature name "transcriber" does not exist in the state, 
therefore createFeatureSelector cannot access it.  Be sure it is imported in a 
loaded module using StoreModule.forRoot('transcriber', ...) or 
StoreModule.forFeature('transcriber', ...).  If the default state is intended 
to be undefined, as is the case with router state, this development-only 
warning message can be ignored.
@ngrx/store: The feature name "stereoWidener" does not exist in the state, 
therefore createFeatureSelector cannot access it.  Be sure it is imported in a 
loaded module using StoreModule.forRoot('stereoWidener', ...) or 
StoreModule.forFeature('stereoWidener', ...).  If the default state is 
intended to be undefined, as is the case with router state, this 
development-only warning message can be ignored.
@ngrx/store: The feature name "audioSpeed" does not exist in the state, 
therefore createFeatureSelector cannot access it.  Be sure it is imported in a 
loaded module using StoreModule.forRoot('audioSpeed', ...) or 
StoreModule.forFeature('audioSpeed', ...).  If the default state is intended 
to be undefined, as is the case with router state, this development-only 
warning message can be ignored.
@ngrx/store: The feature name "karaoke" does not exist in the state, therefore 
createFeatureSelector cannot access it.  Be sure it is imported in a loaded 
module using StoreModule.forRoot('karaoke', ...) or 
StoreModule.forFeature('karaoke', ...).  If the default state is intended to 
be undefined, as is the case with router state, this development-only warning 
message can be ignored.
@ngrx/store: The feature name "stemSplitter" does not exist in the state, 
therefore createFeatureSelector cannot access it.  Be sure it is imported in a 
loaded module using StoreModule.forRoot('stemSplitter', ...) or 
StoreModule.forFeature('stemSplitter', ...).  If the default state is intended 
to be undefined, as is the case with router state, this development-only 
warning message can be ignored.
@ngrx/store: The feature name "compressorPdf" does not exist in the state, 
therefore createFeatureSelector cannot access it.  Be sure it is imported in a 
loaded module using StoreModule.forRoot('compressorPdf', ...) or 
StoreModule.forFeature('compressorPdf', ...).  If the default state is 
intended to be undefined, as is the case with router state, this 
development-only warning message can be ignored.
@ngrx/store: The feature name "mergerPdf" does not exist in the state, 
therefore createFeatureSelector cannot access it.  Be sure it is imported in a 
loaded module using StoreModule.forRoot('mergerPdf', ...) or 
StoreModule.forFeature('mergerPdf', ...).  If the default state is intended to 
be undefined, as is the case with router state, this development-only warning 
message can be ignored.
@ngrx/store: The feature name "rotatorPdf" does not exist in the state, 
therefore createFeatureSelector cannot access it.  Be sure it is imported in a 
loaded module using StoreModule.forRoot('rotatorPdf', ...) or 
StoreModule.forFeature('rotatorPdf', ...).  If the default state is intended 
to be undefined, as is the case with router state, this development-only 
warning message can be ignored.
@ngrx/store: The feature name "passwordProtectorPdf" does not exist in the 
state, therefore createFeatureSelector cannot access it.  Be sure it is 
imported in a loaded module using StoreModule.forRoot('passwordProtectorPdf', 
...) or StoreModule.forFeature('passwordProtectorPdf', ...).  If the default 
state is intended to be undefined, as is the case with router state, this 
development-only warning message can be ignored.
@ngrx/store: The feature name "imageExtractorPdf" does not exist in the state, 
therefore createFeatureSelector cannot access it.  Be sure it is imported in a 
loaded module using StoreModule.forRoot('imageExtractorPdf', ...) or 
StoreModule.forFeature('imageExtractorPdf', ...).  If the default state is 
intended to be undefined, as is the case with router state, this 
development-only warning message can be ignored.
@ngrx/store: The feature name "ocrPdf" does not exist in the state, therefore 
createFeatureSelector cannot access it.  Be sure it is imported in a loaded 
module using StoreModule.forRoot('ocrPdf', ...) or 
StoreModule.forFeature('ocrPdf', ...).  If the default state is intended to be 
undefined, as is the case with router state, this development-only warning 
message can be ignored.
@ngrx/store: The feature name "redactorPdf" does not exist in the state, 
therefore createFeatureSelector cannot access it.  Be sure it is imported in a 
loaded module using StoreModule.forRoot('redactorPdf', ...) or 
StoreModule.forFeature('redactorPdf', ...).  If the default state is intended 
to be undefined, as is the case with router state, this development-only 
warning message can be ignored.
@ngrx/store: The feature name "metadataEditorPdf" does not exist in the state, 
therefore createFeatureSelector cannot access it.  Be sure it is imported in a 
loaded module using StoreModule.forRoot('metadataEditorPdf', ...) or 
StoreModule.forFeature('metadataEditorPdf', ...).  If the default state is 
intended to be undefined, as is the case with router state, this 
development-only warning message can be ignored.
@ngrx/store: The feature name "thumbnailGeneratorPdf" does not exist in the 
state, therefore createFeatureSelector cannot access it.  Be sure it is 
imported in a loaded module using StoreModule.forRoot('thumbnailGeneratorPdf', 
...) or StoreModule.forFeature('thumbnailGeneratorPdf', ...).  If the default 
state is intended to be undefined, as is the case with router state, this 
development-only warning message can be ignored.
@ngrx/store: The feature name "formFillerPdf" does not exist in the state, 
therefore createFeatureSelector cannot access it.  Be sure it is imported in a 
loaded module using StoreModule.forRoot('formFillerPdf', ...) or 
StoreModule.forFeature('formFillerPdf', ...).  If the default state is 
intended to be undefined, as is the case with router state, this 
development-only warning message can be ignored.
@ngrx/store: The feature name "toPowerpointPdf" does not exist in the state, 
therefore createFeatureSelector cannot access it.  Be sure it is imported in a 
loaded module using StoreModule.forRoot('toPowerpointPdf', ...) or 
StoreModule.forFeature('toPowerpointPdf', ...).  If the default state is 
intended to be undefined, as is the case with router state, this 
development-only warning message can be ignored.
@ngrx/store: The feature name "toWordPdf" does not exist in the state, 
therefore createFeatureSelector cannot access it.  Be sure it is imported in a 
loaded module using StoreModule.forRoot('toWordPdf', ...) or 
StoreModule.forFeature('toWordPdf', ...).  If the default state is intended to 
be undefined, as is the case with router state, this development-only warning 
message can be ignored.
@ngrx/store: The feature name "flattenerPdf" does not exist in the state, 
therefore createFeatureSelector cannot access it.  Be sure it is imported in a 
loaded module using StoreModule.forRoot('flattenerPdf', ...) or 
StoreModule.forFeature('flattenerPdf', ...).  If the default state is intended 
to be undefined, as is the case with router state, this development-only 
warning message can be ignored.
@ngrx/store: The feature name "bookmarkEditorPdf" does not exist in the state, 
therefore createFeatureSelector cannot access it.  Be sure it is imported in a 
loaded module using StoreModule.forRoot('bookmarkEditorPdf', ...) or 
StoreModule.forFeature('bookmarkEditorPdf', ...).  If the default state is 
intended to be undefined, as is the case with router state, this 
development-only warning message can be ignored.
@ngrx/store: The feature name "toImageBatchPdf" does not exist in the state, 
therefore createFeatureSelector cannot access it.  Be sure it is imported in a 
loaded module using StoreModule.forRoot('toImageBatchPdf', ...) or 
StoreModule.forFeature('toImageBatchPdf', ...).  If the default state is 
intended to be undefined, as is the case with router state, this 
development-only warning message can be ignored.
@ngrx/store: The feature name "splitter" does not exist in the state, 
therefore createFeatureSelector cannot access it.  Be sure it is imported in a 
loaded module using StoreModule.forRoot('splitter', ...) or 
StoreModule.forFeature('splitter', ...).  If the default state is intended to 
be undefined, as is the case with router state, this development-only warning 
message can be ignored.
@ngrx/store: The feature name "batch" does not exist in the state, therefore 
createFeatureSelector cannot access it.  Be sure it is imported in a loaded 
module using StoreModule.forRoot('batch', ...) or 
StoreModule.forFeature('batch', ...).  If the default state is intended to be 
undefined, as is the case with router state, this development-only warning 
message can be ignored.
@ngrx/store: The feature name "equalizer" does not exist in the state, 
therefore createFeatureSelector cannot access it.  Be sure it is imported in a 
loaded module using StoreModule.forRoot('equalizer', ...) or 
StoreModule.forFeature('equalizer', ...).  If the default state is intended to 
be undefined, as is the case with router state, this development-only warning 
message can be ignored.
@ngrx/store: The feature name "blur" does not exist in the state, therefore 
createFeatureSelector cannot access it.  Be sure it is imported in a loaded 
module using StoreModule.forRoot('blur', ...) or 
StoreModule.forFeature('blur', ...).  If the default state is intended to be 
undefined, as is the case with router state, this development-only warning 
message can be ignored.
@ngrx/store: The feature name "audioMixer" does not exist in the state, 
therefore createFeatureSelector cannot access it.  Be sure it is imported in a 
loaded module using StoreModule.forRoot('audioMixer', ...) or 
StoreModule.forFeature('audioMixer', ...).  If the default state is intended 
to be undefined, as is the case with router state, this development-only 
warning message can be ignored.
@ngrx/store: The feature name "audioMetadata" does not exist in the state, 
therefore createFeatureSelector cannot access it.  Be sure it is imported in a 
loaded module using StoreModule.forRoot('audioMetadata', ...) or 
StoreModule.forFeature('audioMetadata', ...).  If the default state is 
intended to be undefined, as is the case with router state, this 
development-only warning message can be ignored.
@ngrx/store: The feature name "reverb" does not exist in the state, therefore 
createFeatureSelector cannot access it.  Be sure it is imported in a loaded 
module using StoreModule.forRoot('reverb', ...) or 
StoreModule.forFeature('reverb', ...).  If the default state is intended to be 
undefined, as is the case with router state, this development-only warning 
message can be ignored.
@ngrx/store: The feature name "silenceRemover" does not exist in the state, 
therefore createFeatureSelector cannot access it.  Be sure it is imported in a 
loaded module using StoreModule.forRoot('silenceRemover', ...) or 
StoreModule.forFeature('silenceRemover', ...).  If the default state is 
intended to be undefined, as is the case with router state, this 
development-only warning message can be ignored.
@ngrx/store: The feature name "audioWatermark" does not exist in the state, 
therefore createFeatureSelector cannot access it.  Be sure it is imported in a 
loaded module using StoreModule.forRoot('audioWatermark', ...) or 
StoreModule.forFeature('audioWatermark', ...).  If the default state is 
intended to be undefined, as is the case with router state, this 
development-only warning message can be ignored.
@ngrx/store: The feature name "voiceChanger" does not exist in the state, 
therefore createFeatureSelector cannot access it.  Be sure it is imported in a 
loaded module using StoreModule.forRoot('voiceChanger', ...) or 
StoreModule.forFeature('voiceChanger', ...).  If the default state is intended 
to be undefined, as is the case with router state, this development-only 
warning message can be ignored.
@ngrx/store: The feature name "watermarkPdf" does not exist in the state, 
therefore createFeatureSelector cannot access it.  Be sure it is imported in a 
loaded module using StoreModule.forRoot('watermarkPdf', ...) or 
StoreModule.forFeature('watermarkPdf', ...).  If the default state is intended 
to be undefined, as is the case with router state, this development-only 
warning message can be ignored.
@ngrx/store: The feature name "splitterPdf" does not exist in the state, 
therefore createFeatureSelector cannot access it.  Be sure it is imported in a 
loaded module using StoreModule.forRoot('splitterPdf', ...) or 
StoreModule.forFeature('splitterPdf', ...).  If the default state is intended 
to be undefined, as is the case with router state, this development-only 
warning message can be ignored.
@ngrx/store: The feature name "cropResizePdf" does not exist in the state, 
therefore createFeatureSelector cannot access it.  Be sure it is imported in a 
loaded module using StoreModule.forRoot('cropResizePdf', ...) or 
StoreModule.forFeature('cropResizePdf', ...).  If the default state is 
intended to be undefined, as is the case with router state, this 
development-only warning message can be ignored.
@ngrx/store: The feature name "digitalSignerPdf" does not exist in the state, 
therefore createFeatureSelector cannot access it.  Be sure it is imported in a 
loaded module using StoreModule.forRoot('digitalSignerPdf', ...) or 
StoreModule.forFeature('digitalSignerPdf', ...).  If the default state is 
intended to be undefined, as is the case with router state, this 
development-only warning message can be ignored.
@ngrx/store: The feature name "pageReordererPdf" does not exist in the state, 
therefore createFeatureSelector cannot access it.  Be sure it is imported in a 
loaded module using StoreModule.forRoot('pageReordererPdf', ...) or 
StoreModule.forFeature('pageReordererPdf', ...).  If the default state is 
intended to be undefined, as is the case with router state, this 
development-only warning message can be ignored.
@ngrx/store: The feature name "batchProcessorPdf" does not exist in the state, 
therefore createFeatureSelector cannot access it.  Be sure it is imported in a 
loaded module using StoreModule.forRoot('batchProcessorPdf', ...) or 
StoreModule.forFeature('batchProcessorPdf', ...).  If the default state is 
intended to be undefined, as is the case with router state, this 
development-only warning message can be ignored.
@ngrx/store: The feature name "repairPdf" does not exist in the state, 
therefore createFeatureSelector cannot access it.  Be sure it is imported in a 
loaded module using StoreModule.forRoot('repairPdf', ...) or 
StoreModule.forFeature('repairPdf', ...).  If the default state is intended to 
be undefined, as is the case with router state, this development-only warning 
message can be ignored.
@ngrx/store: The feature name "toExcelPdf" does not exist in the state, 
therefore createFeatureSelector cannot access it.  Be sure it is imported in a 
loaded module using StoreModule.forRoot('toExcelPdf', ...) or 
StoreModule.forFeature('toExcelPdf', ...).  If the default state is intended 
to be undefined, as is the case with router state, this development-only 
warning message can be ignored.
@ngrx/store: The feature name "interpolator" does not exist in the state, 
therefore createFeatureSelector cannot access it.  Be sure it is imported in a 
loaded module using StoreModule.forRoot('interpolator', ...) or 
StoreModule.forFeature('interpolator', ...).  If the default state is intended 
to be undefined, as is the case with router state, this development-only 
warning message can be ignored.
@ngrx/store: The feature name "audioConverter" does not exist in the state, 
therefore createFeatureSelector cannot access it.  Be sure it is imported in a 
loaded module using StoreModule.forRoot('audioConverter', ...) or 
StoreModule.forFeature('audioConverter', ...).  If the default state is 
intended to be undefined, as is the case with router state, this 
development-only warning message can be ignored.
@ngrx/store: The feature name "compare" does not exist in the state, therefore 
createFeatureSelector cannot access it.  Be sure it is imported in a loaded 
module using StoreModule.forRoot('compare', ...) or 
StoreModule.forFeature('compare', ...).  If the default state is intended to 
be undefined, as is the case with router state, this development-only warning 
message can be ignored.
@ngrx/store: The feature name "noiseRemover" does not exist in the state, 
therefore createFeatureSelector cannot access it.  Be sure it is imported in a 
loaded module using StoreModule.forRoot('noiseRemover', ...) or 
StoreModule.forFeature('noiseRemover', ...).  If the default state is intended 
to be undefined, as is the case with router state, this development-only 
warning message can be ignored.
@ngrx/store: The feature name "audioLooper" does not exist in the state, 
therefore createFeatureSelector cannot access it.  Be sure it is imported in a 
loaded module using StoreModule.forRoot('audioLooper', ...) or 
StoreModule.forFeature('audioLooper', ...).  If the default state is intended 
to be undefined, as is the case with router state, this development-only 
warning message can be ignored.
@ngrx/store: The feature name "audioVisualizer" does not exist in the state, 
therefore createFeatureSelector cannot access it.  Be sure it is imported in a 
loaded module using StoreModule.forRoot('audioVisualizer', ...) or 
StoreModule.forFeature('audioVisualizer', ...).  If the default state is 
intended to be undefined, as is the case with router state, this 
development-only warning message can be ignored.
@ngrx/store: The feature name "textExtractorPdf" does not exist in the state, 
therefore createFeatureSelector cannot access it.  Be sure it is imported in a 
loaded module using StoreModule.forRoot('textExtractorPdf', ...) or 
StoreModule.forFeature('textExtractorPdf', ...).  If the default state is 
intended to be undefined, as is the case with router state, this 
development-only warning message can be ignored.
@ngrx/store: The feature name "comparePdf" does not exist in the state, 
therefore createFeatureSelector cannot access it.  Be sure it is imported in a 
loaded module using StoreModule.forRoot('comparePdf', ...) or 
StoreModule.forFeature('comparePdf', ...).  If the default state is intended 
to be undefined, as is the case with router state, this development-only 
warning message can be ignored.
@ngrx/store: The feature name "converterPdf" does not exist in the state, 
therefore createFeatureSelector cannot access it.  Be sure it is imported in a 
loaded module using StoreModule.forRoot('converterPdf', ...) or 
StoreModule.forFeature('converterPdf', ...).  If the default state is intended 
to be undefined, as is the case with router state, this development-only 
warning message can be ignored.
@ngrx/store: The feature name "optimizerPdf" does not exist in the state, 
therefore createFeatureSelector cannot access it.  Be sure it is imported in a 
loaded module using StoreModule.forRoot('optimizerPdf', ...) or 
StoreModule.forFeature('optimizerPdf', ...).  If the default state is intended 
to be undefined, as is the case with router state, this development-only 
warning message can be ignored.
@ngrx/store: The feature name "limiter" does not exist in the state, therefore 
createFeatureSelector cannot access it.  Be sure it is imported in a loaded 
module using StoreModule.forRoot('limiter', ...) or 
StoreModule.forFeature('limiter', ...).  If the default state is intended to 
be undefined, as is the case with router state, this development-only warning 
message can be ignored.
@ngrx/store: The feature name "timeStretch" does not exist in the state, 
therefore createFeatureSelector cannot access it.  Be sure it is imported in a 
loaded module using StoreModule.forRoot('timeStretch', ...) or 
StoreModule.forFeature('timeStretch', ...).  If the default state is intended 
to be undefined, as is the case with router state, this development-only 
warning message can be ignored.
@ngrx/store: The feature name "videoToGif" does not exist in the state, 
therefore createFeatureSelector cannot access it.  Be sure it is imported in a 
loaded module using StoreModule.forRoot('videoToGif', ...) or 
StoreModule.forFeature('videoToGif', ...).  If the default state is intended 
to be undefined, as is the case with router state, this development-only 
warning message can be ignored.
@ngrx/store: The feature name "unlockerPdf" does not exist in the state, 
therefore createFeatureSelector cannot access it.  Be sure it is imported in a 
loaded module using StoreModule.forRoot('unlockerPdf', ...) or 
StoreModule.forFeature('unlockerPdf', ...).  If the default state is intended 
to be undefined, as is the case with router state, this development-only 
warning message can be ignored.
@ngrx/store: The feature name "toHtmlPdf" does not exist in the state, 
therefore createFeatureSelector cannot access it.  Be sure it is imported in a 
loaded module using StoreModule.forRoot('toHtmlPdf', ...) or 
StoreModule.forFeature('toHtmlPdf', ...).  If the default state is intended to 
be undefined, as is the case with router state, this development-only warning 
message can be ignored.
@ngrx/store: The feature name "audioAnalyser" does not exist in the state, 
therefore createFeatureSelector cannot access it.  Be sure it is imported in a 
loaded module using StoreModule.forRoot('audioAnalyser', ...) or 
StoreModule.forFeature('audioAnalyser', ...).  If the default state is 
intended to be undefined, as is the case with router state, this 
development-only warning message can be ignored.
@ngrx/store: The feature name "annotatorPdf" does not exist in the state, 
therefore createFeatureSelector cannot access it.  Be sure it is imported in a 
loaded module using StoreModule.forRoot('annotatorPdf', ...) or 
StoreModule.forFeature('annotatorPdf', ...).  If the default state is intended 
to be undefined, as is the case with router state, this development-only 
warning message can be ignored.
@ngrx/store: The feature name "upscaler" does not exist in the state, 
therefore createFeatureSelector cannot access it.  Be sure it is imported in a 
loaded module using StoreModule.forRoot('upscaler', ...) or 
StoreModule.forFeature('upscaler', ...).  If the default state is intended to 
be undefined, as is the case with router state, this development-only warning 
message can be ignored.
[32mΓ£ö[39m Building...
[35mBrowser bundles[39m     
[1mInitial chunk files[22m [2m | [22m[1mNames[22m                       [2m | [22m [1mRaw size[22m
[32mchunk-C5XKYJJL.js[39m   [2m | [22m[2m-[22m                           [2m | [22m[36m867.20 kB[39m[2m | [22m
[32mchunk-7LKLMWOD.js[39m   [2m | [22m[2m-[22m                           [2m | [22m[36m209.20 kB[39m[2m | [22m
[32mchunk-NZVX4DDT.js[39m   [2m | [22m[2m-[22m                           [2m | [22m[36m166.47 kB[39m[2m | [22m
[32mstyles.css[39m          [2m | [22m[2mstyles[22m                      [2m | [22m[36m135.36 kB[39m[2m | [22m
[32mchunk-CQ2FAQU3.js[39m   [2m | [22m[2m-[22m                           [2m | [22m[36m127.58 kB[39m[2m | [22m
[32mchunk-GCDRRBWX.js[39m   [2m | [22m[2m-[22m                           [2m | [22m [36m43.62 kB[39m[2m | [22m
[32mchunk-54KWVDY3.js[39m   [2m | [22m[2m-[22m                           [2m | [22m [36m17.76 kB[39m[2m | [22m
[32mmain.js[39m             [2m | [22m[2mmain[22m                        [2m | [22m  [36m9.07 kB[39m[2m | [22m
[32mchunk-BR32KJ3W.js[39m   [2m | [22m[2m-[22m                           [2m | [22m  [36m3.24 kB[39m[2m | [22m
[32mchunk-Y2FT2NED.js[39m   [2m | [22m[2m-[22m                           [2m | [22m  [36m3.16 kB[39m[2m | [22m
[32mchunk-7WUTQBRG.js[39m   [2m | [22m[2m-[22m                           [2m | [22m  [36m3.15 kB[39m[2m | [22m
[32mchunk-XU7YQX35.js[39m   [2m | [22m[2m-[22m                           [2m | [22m  [36m3.11 kB[39m[2m | [22m
[32mchunk-42DRSQV6.js[39m   [2m | [22m[2m-[22m                           [2m | [22m  [36m3.10 kB[39m[2m | [22m
[32mchunk-OSJ6NUI3.js[39m   [2m | [22m[2m-[22m                           [2m | [22m  [36m3.09 kB[39m[2m | [22m
[32mchunk-TTXX2KOV.js[39m   [2m | [22m[2m-[22m                           [2m | [22m  [36m3.06 kB[39m[2m | [22m
[32mchunk-535PK5G2.js[39m   [2m | [22m[2m-[22m                           [2m | [22m  [36m3.04 kB[39m[2m | [22m
[32mchunk-66SHXBPI.js[39m   [2m | [22m[2m-[22m                           [2m | [22m  [36m3.00 kB[39m[2m | [22m
[32mchunk-34METNMX.js[39m   [2m | [22m[2m-[22m                           [2m | [22m  [36m2.99 kB[39m[2m | [22m
[32mchunk-X3TEIE2H.js[39m   [2m | [22m[2m-[22m                           [2m | [22m  [36m2.97 kB[39m[2m | [22m
[32mchunk-PF7OOC6X.js[39m   [2m | [22m[2m-[22m                           [2m | [22m  [36m2.96 kB[39m[2m | [22m
[32mchunk-JARC42LH.js[39m   [2m | [22m[2m-[22m                           [2m | [22m  [36m2.92 kB[39m[2m | [22m
[32mchunk-Y554W7VG.js[39m   [2m | [22m[2m-[22m                           [2m | [22m  [36m2.92 kB[39m[2m | [22m
[32mchunk-TCKK4L75.js[39m   [2m | [22m[2m-[22m                           [2m | [22m  [36m2.88 kB[39m[2m | [22m
[32mchunk-2RMLVUPQ.js[39m   [2m | [22m[2m-[22m                           [2m | [22m  [36m2.83 kB[39m[2m | [22m
[32mchunk-35P75XWC.js[39m   [2m | [22m[2m-[22m                           [2m | [22m  [36m1.22 kB[39m[2m | [22m

[1m [22m                   [2m | [22m[1mInitial total[22m               [2m | [22m  [1m1.63 MB[22m

[1mLazy chunk files[22m    [2m | [22m[1mNames[22m                       [2m | [22m [1mRaw size[22m
[32mchunk-FYQLWJIZ.js[39m   [2m | [22m[2m-[22m                           [2m | [22m  [36m1.37 MB[39m[2m | [22m
[32mworker-KUA355B4.js[39m  [2m | [22m[2mthumbnailGenerator-worker[22m   [2m | [22m[36m820.80 kB[39m[2m | [22m
[32mworker-7PVDTBEU.js[39m  [2m | [22m[2mpasswordProtector-worker[22m    [2m | [22m[36m820.80 kB[39m[2m | [22m
[32mworker-6WBOIFMK.js[39m  [2m | [22m[2mimageExtractor-worker[22m       [2m | [22m[36m820.79 kB[39m[2m | [22m
[32mworker-PNRKMDPF.js[39m  [2m | [22m[2mmetadataEditor-worker[22m       [2m | [22m[36m820.79 kB[39m[2m | [22m
[32mworker-FIQJHA3H.js[39m  [2m | [22m[2mbookmarkEditor-worker[22m       [2m | [22m[36m820.79 kB[39m[2m | [22m
[32mworker-XKIKJWRB.js[39m  [2m | [22m[2mbatchProcessor-worker[22m       [2m | [22m[36m820.79 kB[39m[2m | [22m
[32mworker-U5SAWDPH.js[39m  [2m | [22m[2mtextExtractor-worker[22m        [2m | [22m[36m820.79 kB[39m[2m | [22m
[32mworker-76CQJFUY.js[39m  [2m | [22m[2mdigitalSigner-worker[22m        [2m | [22m[36m820.79 kB[39m[2m | [22m
[32mworker-GB3WLNDA.js[39m  [2m | [22m[2mpageReorderer-worker[22m        [2m | [22m[36m820.79 kB[39m[2m | [22m
[32mworker-KQSY7ZOR.js[39m  [2m | [22m[2mtoImageBatch-worker[22m         [2m | [22m[36m820.79 kB[39m[2m | [22m
[32mworker-UCEJOPMN.js[39m  [2m | [22m[2mtoPowerpoint-worker[22m         [2m | [22m[36m820.79 kB[39m[2m | [22m
[32mworker-NQY3CYBZ.js[39m  [2m | [22m[2mcropResize-worker[22m           [2m | [22m[36m820.78 kB[39m[2m | [22m
[32mworker-PSJ3272N.js[39m  [2m | [22m[2mformFiller-worker[22m           [2m | [22m[36m820.78 kB[39m[2m | [22m
[32mworker-DPKBHVVN.js[39m  [2m | [22m[2mcompressor-worker[22m           [2m | [22m[36m820.78 kB[39m[2m | [22m
[2m...and 228 more lazy chunks files. Use "--verbose" to show all the files.[22m


[35mServer bundles[39m      
[1mInitial chunk files[22m [2m | [22m[1mNames[22m                       [2m | [22m [1mRaw size[22m
[32mserver.mjs[39m          [2m | [22m[2mserver[22m                      [2m | [22m  [36m1.95 MB[39m[2m | [22m
[32mmain.server.mjs[39m     [2m | [22m[2mmain.server[22m                 [2m | [22m[36m896.27 kB[39m[2m | [22m
[32mchunk-QFRCRNLY.mjs[39m  [2m | [22m[2m-[22m                           [2m | [22m[36m891.90 kB[39m[2m | [22m
[32mpolyfills.server.mjs[39m[2m | [22m[2mpolyfills.server[22m            [2m | [22m[36m427.81 kB[39m[2m | [22m
[32mchunk-3J7SZGWN.mjs[39m  [2m | [22m[2m-[22m                           [2m | [22m[36m209.28 kB[39m[2m | [22m
[32mchunk-XQKEC2AJ.mjs[39m  [2m | [22m[2m-[22m                           [2m | [22m[36m162.81 kB[39m[2m | [22m
[32mchunk-UX2YPQ3H.mjs[39m  [2m | [22m[2m-[22m                           [2m | [22m[36m128.57 kB[39m[2m | [22m
[32mchunk-6US4GDIX.mjs[39m  [2m | [22m[2m-[22m                           [2m | [22m [36m43.65 kB[39m[2m | [22m
[32mchunk-F4RZFA72.mjs[39m  [2m | [22m[2m-[22m                           [2m | [22m [36m17.79 kB[39m[2m | [22m
[32mchunk-Z5ET4H6A.mjs[39m  [2m | [22m[2m-[22m                           [2m | [22m  [36m3.28 kB[39m[2m | [22m
[32mchunk-US5CC5KQ.mjs[39m  [2m | [22m[2m-[22m                           [2m | [22m  [36m3.20 kB[39m[2m | [22m
[32mchunk-UFAUNXOA.mjs[39m  [2m | [22m[2m-[22m                           [2m | [22m  [36m3.18 kB[39m[2m | [22m
[32mchunk-72HUDPR3.mjs[39m  [2m | [22m[2m-[22m                           [2m | [22m  [36m3.15 kB[39m[2m | [22m
[32mchunk-E43YZJX7.mjs[39m  [2m | [22m[2m-[22m                           [2m | [22m  [36m3.14 kB[39m[2m | [22m
[32mchunk-IAYXOB6C.mjs[39m  [2m | [22m[2m-[22m                           [2m | [22m  [36m3.13 kB[39m[2m | [22m
[32mchunk-CQ6AXPL5.mjs[39m  [2m | [22m[2m-[22m                           [2m | [22m  [36m3.10 kB[39m[2m | [22m
[32mchunk-2P4GM3E5.mjs[39m  [2m | [22m[2m-[22m                           [2m | [22m  [36m3.08 kB[39m[2m | [22m
[32mchunk-P26ZRIWO.mjs[39m  [2m | [22m[2m-[22m                           [2m | [22m  [36m3.04 kB[39m[2m | [22m
[32mchunk-G6OOE3X4.mjs[39m  [2m | [22m[2m-[22m                           [2m | [22m  [36m3.02 kB[39m[2m | [22m
[32mchunk-47PMICZO.mjs[39m  [2m | [22m[2m-[22m                           [2m | [22m  [36m3.00 kB[39m[2m | [22m
[32mchunk-AXW2AHXL.mjs[39m  [2m | [22m[2m-[22m                           [2m | [22m  [36m2.99 kB[39m[2m | [22m
[32mchunk-LZIG4BFG.mjs[39m  [2m | [22m[2m-[22m                           [2m | [22m  [36m2.96 kB[39m[2m | [22m
[32mchunk-HG6F6LE7.mjs[39m  [2m | [22m[2m-[22m                           [2m | [22m  [36m2.95 kB[39m[2m | [22m
[32mchunk-N5LWJ475.mjs[39m  [2m | [22m[2m-[22m                           [2m | [22m  [36m2.91 kB[39m[2m | [22m
[32mchunk-V6NBHMM7.mjs[39m  [2m | [22m[2m-[22m                           [2m | [22m  [36m2.87 kB[39m[2m | [22m
[32mchunk-3II4UTYF.mjs[39m  [2m | [22m[2m-[22m                           [2m | [22m  [36m2.81 kB[39m[2m | [22m
[32mchunk-TOCNVFTW.mjs[39m  [2m | [22m[2m-[22m                           [2m | [22m  [36m1.25 kB[39m[2m | [22m

[1mLazy chunk files[22m    [2m | [22m[1mNames[22m                       [2m | [22m [1mRaw size[22m
[32mchunk-5SONI4H6.mjs[39m  [2m | [22m[2m-[22m                           [2m | [22m  [36m1.37 MB[39m[2m | [22m
[32mchunk-MHNRBKTU.mjs[39m  [2m | [22m[2mcsv-converter-component[22m     [2m | [22m[36m634.79 kB[39m[2m | [22m
[32mchunk-4CNWZMSQ.mjs[39m  [2m | [22m[2m-[22m                           [2m | [22m[36m549.25 kB[39m[2m | [22m
[32mchunk-KVB725RK.mjs[39m  [2m | [22m[2mindex[22m                       [2m | [22m[36m307.47 kB[39m[2m | [22m
[32mchunk-4MQ2XO5B.mjs[39m  [2m | [22m[2mqr-generator-component[22m      [2m | [22m[36m186.71 kB[39m[2m | [22m
[32mchunk-X3QKWZ5K.mjs[39m  [2m | [22m[2mjson-converter-component[22m    [2m | [22m[36m185.42 kB[39m[2m | [22m
[32mchunk-YIJVG7YJ.mjs[39m  [2m | [22m[2mmusic-generator-component[22m   [2m | [22m[36m172.12 kB[39m[2m | [22m
[32mchunk-BWKNVHJR.mjs[39m  [2m | [22m[2m-[22m                           [2m | [22m[36m152.03 kB[39m[2m | [22m
[32mchunk-SG3732DF.mjs[39m  [2m | [22m[2mmarkdown-converter-component[22m[2m | [22m [36m73.42 kB[39m[2m | [22m
[32mchunk-F5FD6IK3.mjs[39m  [2m | [22m[2mxhr2[22m                        [2m | [22m [36m40.11 kB[39m[2m | [22m
[32mchunk-6JLMVI5M.mjs[39m  [2m | [22m[2mxhr2[22m                        [2m | [22m [36m40.04 kB[39m[2m | [22m
[32mchunk-OOBVSCX2.mjs[39m  [2m | [22m[2m-[22m                           [2m | [22m [36m39.24 kB[39m[2m | [22m
[32mchunk-LLO7OVJP.mjs[39m  [2m | [22m[2mimage-converter-component[22m   [2m | [22m [36m38.25 kB[39m[2m | [22m
[32mchunk-46CRYCGJ.mjs[39m  [2m | [22m[2mimage-resizer-component[22m     [2m | [22m [36m35.09 kB[39m[2m | [22m
[32mchunk-3ABWUUKH.mjs[39m  [2m | [22m[2mbase64-encoder-component[22m    [2m | [22m [36m33.73 kB[39m[2m | [22m
[2m...and 170 more lazy chunks files. Use "--verbose" to show all the files.[22m

[35mPrerendered 128 static routes.[39m
Application bundle generation complete. [17.142 seconds] - 2026-03-16T19:14:33.580Z

Output location: C:\Users\IKYY\Downloads\HEAVY-TOOLS\dist\app

