
> ai-studio-angular-app@0.0.0 dev
> cross-env ng serve --port=3000 --host=0.0.0.0 --define="GEMINI_API_KEY=\'${GEMINI_API_KEY}\'" ${DISABLE_HMR:+--live-reload=false}


Warning: This is a simple server for use in testing or debugging Angular applications
locally. It hasn't been reviewed for security issues.

Binding this server to an open connection can result in compromising your application or
computer. Using a different host than the one passed to the "--host" flag might result in
websocket connection issues.

❯ Building...
✔ Building...
Application bundle generation failed. [34.291 seconds] - 2026-03-16T09:29:34.355Z

[31m✘ [41;31m[[41;97mERROR[41;31m][0m [1mTS2322: Type 'Uint8Array<ArrayBufferLike>' is not assignable to type 'BlobPart'.
  Type 'Uint8Array<ArrayBufferLike>' is not assignable to type 'ArrayBufferView<ArrayBuffer>'.
    Types of property 'buffer' are incompatible.
      Type 'ArrayBufferLike' is not assignable to type 'ArrayBuffer'.
        Type 'SharedArrayBuffer' is not assignable to type 'ArrayBuffer'.
          Types of property '[Symbol.toStringTag]' are incompatible.
            Type '"SharedArrayBuffer"' is not assignable to type '"ArrayBuffer"'.[0m [1m[35m[plugin angular-compiler][0m

    src/app/modules/audio/31-music-generator/music-generator.worker.ts:198:27:
[37m      198 │     const blob = new Blob([[32mwavData[37m], { type: 'audio/wav' });
          ╵                            [32m~~~~~~~[0m


Watch mode enabled. Watching for file changes...
❯ Changes detected. Rebuilding...
✔ Changes detected. Rebuilding...
Browser bundles
Initial chunk files  | Names                        |  Raw size
styles.css           | styles                       | 117.77 kB |
main.js              | main                         |  21.54 kB |
chunk-5Q5MNDD2.js    | -                            |   3.09 kB |
chunk-6W5XQXAC.js    | -                            |   3.08 kB |
chunk-NJFTURA6.js    | -                            |   3.02 kB |
chunk-NES5K6CR.js    | -                            |   2.98 kB |
chunk-UEDJVXSE.js    | -                            |   2.97 kB |
chunk-4UQ4A2O5.js    | -                            |   2.95 kB |
chunk-C24E4TUH.js    | -                            |   2.90 kB |
chunk-SEBIIXZV.js    | -                            |   2.90 kB |
chunk-JCO354MF.js    | -                            |   2.86 kB |
chunk-JBFXXPNE.js    | -                            |   2.81 kB |
chunk-C3PPSSID.js    | -                            |   1.21 kB |
chunk-VUJOFXKG.js    | -                            | 938 bytes |

                     | Initial total                | 171.02 kB

Lazy chunk files     | Names                        |  Raw size
chunk-6WZVW6GS.js    | -                            |  33.65 kB |
chunk-3ETGGKJX.js    | colorGrading-component       |  30.86 kB |
chunk-5QVB33J3.js    | subtitleBurner-component     |  29.73 kB |
chunk-KEDVVWY3.js    | cropResize-component         |  29.60 kB |
chunk-UT2DGNWZ.js    | thumbnailGenerator-component |  29.39 kB |
chunk-JR2QTJK4.js    | speedController-component    |  28.89 kB |
chunk-BNF5JMPZ.js    | watermark-component          |  28.86 kB |
chunk-GW3IMTQP.js    | splitter-component           |  28.11 kB |
chunk-B5ICQQMD.js    | stabilizer-component         |  27.99 kB |
chunk-5NT4H6RI.js    | flipRotate-component         |  27.57 kB |
chunk-LSMU462O.js    | converter-component          |  27.30 kB |
chunk-OYZLCOPE.js    | upscaler-component           |  27.27 kB |
chunk-6HLPXXXS.js    | compressor-component         |  26.91 kB |
chunk-G2NK2J7I.js    | shell-component              |  26.75 kB |
chunk-5BR7ANFW.js    | denoiser-component           |  26.69 kB |
...and 220 more lazy chunks files. Use "--verbose" to show all the files.


Server bundles
Initial chunk files  | Names                        |  Raw size
polyfills.server.mjs | polyfills.server             | 427.81 kB |
main.server.mjs      | main.server                  |  22.82 kB |
chunk-ILIN3OVI.mjs   | -                            |   3.13 kB |
chunk-OF37AZBM.mjs   | -                            |   3.12 kB |
chunk-YQUX65VN.mjs   | -                            |   3.06 kB |
chunk-OAQAMDCL.mjs   | -                            |   3.02 kB |
chunk-KP3GLOFC.mjs   | -                            |   3.00 kB |
chunk-4QLD4FPR.mjs   | -                            |   2.98 kB |
chunk-WTCRKFCD.mjs   | -                            |   2.94 kB |
chunk-KHWDMTEP.mjs   | -                            |   2.93 kB |
chunk-DCLI26L6.mjs   | -                            |   2.89 kB |
chunk-LKSB3QWJ.mjs   | -                            |   2.84 kB |
server.mjs           | server                       |   1.81 kB |
chunk-S4JYOFFY.mjs   | -                            |   1.24 kB |
chunk-54EZUNS5.mjs   | -                            | 972 bytes |

Lazy chunk files     | Names                        |  Raw size
chunk-NWT24DDR.mjs   | -                            |  33.68 kB |
chunk-ETDV4RNG.mjs   | colorGrading-component       |  30.90 kB |
chunk-KHXB5D5F.mjs   | subtitleBurner-component     |  29.77 kB |
chunk-L5W3OD5K.mjs   | cropResize-component         |  29.64 kB |
chunk-2ZZNXNVP.mjs   | thumbnailGenerator-component |  29.43 kB |
chunk-PKX3C6FR.mjs   | speedController-component    |  28.93 kB |
chunk-KTLWUYUM.mjs   | watermark-component          |  28.90 kB |
chunk-ELSQ2DMO.mjs   | splitter-component           |  28.16 kB |
chunk-LF3YMNTV.mjs   | stabilizer-component         |  28.03 kB |
chunk-JSERUOWA.mjs   | flipRotate-component         |  27.61 kB |
chunk-NY2U4LYQ.mjs   | converter-component          |  27.35 kB |
chunk-FT7QGBML.mjs   | upscaler-component           |  27.31 kB |
chunk-JQNRGEYF.mjs   | compressor-component         |  26.95 kB |
chunk-LL7RCHBQ.mjs   | shell-component              |  26.79 kB |
chunk-PHCTIE2X.mjs   | denoiser-component           |  26.73 kB |
...and 159 more lazy chunks files. Use "--verbose" to show all the files.

Application bundle generation complete. [12.212 seconds] - 2026-03-16T09:29:58.754Z

NOTE: Raw file sizes do not reflect development server per-request transformations.
  ➜  Local:   http://localhost:3000/
  ➜  Network: http://192.168.0.2:3000/
ERROR: Bad Request ("http://localhost:3000/").
URL with hostname "localhost" is not allowed.

For more information, see https://angular.dev/best-practices/security#preventing-server-side-request-forgery-ssrf
ERROR: Bad Request ("http://127.0.0.1:3000/").
URL with hostname "127.0.0.1" is not allowed.

For more information, see https://angular.dev/best-practices/security#preventing-server-side-request-forgery-ssrf
NG02801: Angular detected that `HttpClient` is not configured to use `fetch` APIs. It's strongly recommended to enable `fetch` for applications that use Server-Side Rendering for better performance and compatibility. To enable `fetch`, add the `withFetch()` to the `provideHttpClient()` call at the root of the application.
❯ Changes detected. Rebuilding...
✔ Changes detected. Rebuilding...
Browser bundles
Initial chunk files | Names               | Raw size
main.js             | main                | 21.54 kB |

Lazy chunk files    | Names               | Raw size
chunk-KHUM4PY6.js   | dashboard-component | 26.49 kB |


Server bundles
Initial chunk files | Names               | Raw size
main.server.mjs     | main.server         | 22.82 kB |

Lazy chunk files    | Names               | Raw size
chunk-FOJJMHQ2.mjs  | dashboard-component | 26.53 kB |

Application bundle generation complete. [2.024 seconds] - 2026-03-16T09:36:37.970Z

Component update sent to client(s).
❯ Changes detected. Rebuilding...
✔ Changes detected. Rebuilding...
Browser bundles
Initial chunk files | Names               | Raw size
main.js             | main                | 21.54 kB |

Lazy chunk files    | Names               | Raw size
chunk-VWLB4ENU.js   | dashboard-component | 26.50 kB |


Server bundles
Initial chunk files | Names               | Raw size
main.server.mjs     | main.server         | 22.82 kB |

Lazy chunk files    | Names               | Raw size
chunk-APCGSBBG.mjs  | dashboard-component | 26.53 kB |

Application bundle generation complete. [1.767 seconds] - 2026-03-16T09:36:50.460Z

Page reload sent to client(s).
❯ Changes detected. Rebuilding...
✔ Changes detected. Rebuilding...
Browser bundles
Initial chunk files | Names               | Raw size
main.js             | main                | 21.54 kB |

Lazy chunk files    | Names               | Raw size
chunk-NBM7SNRB.js   | dashboard-component | 26.51 kB |


Server bundles
Initial chunk files | Names               | Raw size
main.server.mjs     | main.server         | 22.82 kB |

Lazy chunk files    | Names               | Raw size
chunk-N6UPK7QW.mjs  | dashboard-component | 26.55 kB |

Application bundle generation complete. [1.718 seconds] - 2026-03-16T09:36:56.462Z

Component update sent to client(s).
❯ Changes detected. Rebuilding...
✔ Changes detected. Rebuilding...
Browser bundles
Initial chunk files | Names                     | Raw size
main.js             | main                      | 21.54 kB |

Lazy chunk files    | Names                     | Raw size
chunk-QELDW6WW.js   | music-generator-component | 25.86 kB |
chunk-YR4SYVWB.js   | audio-routes              |  9.45 kB |


Server bundles
Initial chunk files | Names                     | Raw size
main.server.mjs     | main.server               | 22.82 kB |

Lazy chunk files    | Names                     | Raw size
chunk-U4OULIWC.mjs  | music-generator-component | 25.90 kB |
chunk-XSMCP3TK.mjs  | audio-routes              |  9.49 kB |

Application bundle generation complete. [2.286 seconds] - 2026-03-16T09:37:56.857Z

Component update sent to client(s).
❯ Changes detected. Rebuilding...
✔ Changes detected. Rebuilding...
Browser bundles
Initial chunk files | Names                     | Raw size
main.js             | main                      | 21.54 kB |

Lazy chunk files    | Names                     | Raw size
chunk-KMHTRJMI.js   | music-generator-component | 25.86 kB |
chunk-O7IDD5G3.js   | audio-routes              |  9.45 kB |


Server bundles
Initial chunk files | Names                     | Raw size
main.server.mjs     | main.server               | 22.82 kB |

Lazy chunk files    | Names                     | Raw size
chunk-AJQR3RT4.mjs  | music-generator-component | 25.89 kB |
chunk-FJ6CACGZ.mjs  | audio-routes              |  9.49 kB |

Application bundle generation complete. [2.219 seconds] - 2026-03-16T09:38:49.965Z

Component update sent to client(s).
❯ Changes detected. Rebuilding...
✔ Changes detected. Rebuilding...
Browser bundles
Initial chunk files | Names                     | Raw size
main.js             | main                      | 21.54 kB |

Lazy chunk files    | Names                     | Raw size
chunk-2XWDBJ27.js   | music-generator-component | 26.05 kB |
chunk-PWMHVQIU.js   | audio-routes              |  9.45 kB |


Server bundles
Initial chunk files | Names                     | Raw size
main.server.mjs     | main.server               | 22.82 kB |

Lazy chunk files    | Names                     | Raw size
chunk-2TSNMIB2.mjs  | music-generator-component | 26.09 kB |
chunk-SJAE7EYF.mjs  | audio-routes              |  9.49 kB |

Application bundle generation complete. [1.494 seconds] - 2026-03-16T09:39:09.196Z

Component update sent to client(s).
ERROR: Bad Request ("http://localhost:3000/").
URL with hostname "localhost" is not allowed.

For more information, see https://angular.dev/best-practices/security#preventing-server-side-request-forgery-ssrf
ERROR: Bad Request ("http://localhost:3000/audio/music-generator").
URL with hostname "localhost" is not allowed.

For more information, see https://angular.dev/best-practices/security#preventing-server-side-request-forgery-ssrf
@ngrx/store: The feature name "musicGenerator" does not exist in the state, therefore createFeatureSelector cannot access it.  Be sure it is imported in a loaded module using StoreModule.forRoot('musicGenerator', ...) or StoreModule.forFeature('musicGenerator', ...).  If the default state is intended to be undefined, as is the case with router state, this development-only warning message can be ignored.
❯ Changes detected. Rebuilding...
✔ Changes detected. Rebuilding...
Browser bundles
Initial chunk files  | Names                        |  Raw size
styles.css           | styles                       | 117.77 kB |
main.js              | main                         |  21.54 kB |
chunk-5Q5MNDD2.js    | -                            |   3.09 kB |
chunk-6W5XQXAC.js    | -                            |   3.08 kB |
chunk-NJFTURA6.js    | -                            |   3.02 kB |
chunk-NES5K6CR.js    | -                            |   2.98 kB |
chunk-UEDJVXSE.js    | -                            |   2.97 kB |
chunk-4UQ4A2O5.js    | -                            |   2.95 kB |
chunk-C24E4TUH.js    | -                            |   2.90 kB |
chunk-SEBIIXZV.js    | -                            |   2.90 kB |
chunk-JCO354MF.js    | -                            |   2.86 kB |
chunk-JBFXXPNE.js    | -                            |   2.81 kB |
chunk-C3PPSSID.js    | -                            |   1.21 kB |
chunk-VUJOFXKG.js    | -                            | 938 bytes |

                     | Initial total                | 171.02 kB

Lazy chunk files     | Names                        |  Raw size
chunk-6WZVW6GS.js    | -                            |  33.65 kB |
chunk-3ETGGKJX.js    | colorGrading-component       |  30.86 kB |
chunk-5QVB33J3.js    | subtitleBurner-component     |  29.73 kB |
chunk-KEDVVWY3.js    | cropResize-component         |  29.60 kB |
chunk-UT2DGNWZ.js    | thumbnailGenerator-component |  29.39 kB |
chunk-JR2QTJK4.js    | speedController-component    |  28.89 kB |
chunk-BNF5JMPZ.js    | watermark-component          |  28.86 kB |
chunk-GW3IMTQP.js    | splitter-component           |  28.11 kB |
chunk-B5ICQQMD.js    | stabilizer-component         |  27.99 kB |
chunk-5NT4H6RI.js    | flipRotate-component         |  27.57 kB |
chunk-LSMU462O.js    | converter-component          |  27.30 kB |
chunk-OYZLCOPE.js    | upscaler-component           |  27.27 kB |
chunk-6HLPXXXS.js    | compressor-component         |  26.91 kB |
chunk-G2NK2J7I.js    | shell-component              |  26.75 kB |
chunk-5BR7ANFW.js    | denoiser-component           |  26.69 kB |
...and 220 more lazy chunks files. Use "--verbose" to show all the files.


Server bundles
Initial chunk files  | Names                        |  Raw size
polyfills.server.mjs | polyfills.server             | 427.81 kB |
main.server.mjs      | main.server                  |  22.82 kB |
chunk-ILIN3OVI.mjs   | -                            |   3.13 kB |
chunk-OF37AZBM.mjs   | -                            |   3.12 kB |
chunk-YQUX65VN.mjs   | -                            |   3.06 kB |
chunk-OAQAMDCL.mjs   | -                            |   3.02 kB |
chunk-KP3GLOFC.mjs   | -                            |   3.00 kB |
chunk-4QLD4FPR.mjs   | -                            |   2.98 kB |
chunk-WTCRKFCD.mjs   | -                            |   2.94 kB |
chunk-KHWDMTEP.mjs   | -                            |   2.93 kB |
chunk-DCLI26L6.mjs   | -                            |   2.89 kB |
chunk-LKSB3QWJ.mjs   | -                            |   2.84 kB |
server.mjs           | server                       |   1.81 kB |
chunk-S4JYOFFY.mjs   | -                            |   1.24 kB |
chunk-54EZUNS5.mjs   | -                            | 972 bytes |

Lazy chunk files     | Names                        |  Raw size
chunk-NWT24DDR.mjs   | -                            |  33.68 kB |
chunk-ETDV4RNG.mjs   | colorGrading-component       |  30.90 kB |
chunk-KHXB5D5F.mjs   | subtitleBurner-component     |  29.77 kB |
chunk-L5W3OD5K.mjs   | cropResize-component         |  29.64 kB |
chunk-2ZZNXNVP.mjs   | thumbnailGenerator-component |  29.43 kB |
chunk-PKX3C6FR.mjs   | speedController-component    |  28.93 kB |
chunk-KTLWUYUM.mjs   | watermark-component          |  28.90 kB |
chunk-ELSQ2DMO.mjs   | splitter-component           |  28.16 kB |
chunk-LF3YMNTV.mjs   | stabilizer-component         |  28.03 kB |
chunk-JSERUOWA.mjs   | flipRotate-component         |  27.61 kB |
chunk-NY2U4LYQ.mjs   | converter-component          |  27.35 kB |
chunk-FT7QGBML.mjs   | upscaler-component           |  27.31 kB |
chunk-JQNRGEYF.mjs   | compressor-component         |  26.95 kB |
chunk-LL7RCHBQ.mjs   | shell-component              |  26.79 kB |
chunk-PHCTIE2X.mjs   | denoiser-component           |  26.73 kB |
...and 159 more lazy chunks files. Use "--verbose" to show all the files.

Application bundle generation complete. [1.422 seconds] - 2026-03-16T09:47:51.931Z

❯ Changes detected. Rebuilding...
✔ Changes detected. Rebuilding...
Browser bundles
Initial chunk files | Names        | Raw size
main.js             | main         | 21.54 kB |

Lazy chunk files    | Names        | Raw size
chunk-PU7SEL4D.js   | audio-routes |  9.45 kB |


Server bundles
Initial chunk files | Names        | Raw size
main.server.mjs     | main.server  | 22.82 kB |

Lazy chunk files    | Names        | Raw size
chunk-5U2WJBXW.mjs  | audio-routes |  9.49 kB |

Application bundle generation complete. [1.637 seconds] - 2026-03-16T09:48:35.882Z

Page reload sent to client(s).
❯ Changes detected. Rebuilding...
✔ Changes detected. Rebuilding...
Application bundle generation failed. [1.171 seconds] - 2026-03-16T09:49:11.245Z

[31m✘ [41;31m[[41;97mERROR[41;31m][0m [1mTS2345: Argument of type 'Promise<{ name: "musicGenerator"; reducer: ActionReducer<MusicGeneratorState, Action<string>>; selectMusicGeneratorState: MemoizedSelector<Record<string, any>, MusicGeneratorState, (featureState: MusicGeneratorState) => MusicGeneratorState>; ... 10 more ...; selectErrorMessage: MemoizedSelector<...>; }>' is not assignable to parameter of type 'FeatureSlice<unknown, Action<string>>'.
  Type 'Promise<{ name: "musicGenerator"; reducer: ActionReducer<MusicGeneratorState, Action<string>>; selectMusicGeneratorState: MemoizedSelector<Record<string, any>, MusicGeneratorState, (featureState: MusicGeneratorState) => MusicGeneratorState>; ... 10 more ...; selectErrorMessage: MemoizedSelector<...>; }>' is missing the following properties from type 'FeatureSlice<unknown, Action<string>>': name, reducer[0m [1m[35m[plugin angular-compiler][0m

    src/app/modules/audio/audio.routes.ts:45:21:
[37m      45 │ ...videState([32mimport('./31-music-generator/music-generator.store').[37m...
         ╵              [32m~~~~~~~~~~~~~~~~~~~~~~~~~~~~~~~~~~~~~~~~~~~~~~~~~~~~~[0m


[31m✘ [41;31m[[41;97mERROR[41;31m][0m [1mTS2769: No overload matches this call.
  Overload 1 of 2, '(effects: (Type<unknown> | Record<string, FunctionalEffect<() => Observable<unknown>>>)[]): EnvironmentProviders', gave the following error.
    Argument of type 'Promise<typeof MusicGeneratorEffects>' is not assignable to parameter of type '(Type<unknown> | Record<string, FunctionalEffect<() => Observable<unknown>>>)[]'.
      Type 'Promise<typeof MusicGeneratorEffects>' is missing the following properties from type '(Type<unknown> | Record<string, FunctionalEffect<() => Observable<unknown>>>)[]': length, pop, push, concat, and 29 more.
  Overload 2 of 2, '(...effects: (Type<unknown> | Record<string, FunctionalEffect<() => Observable<unknown>>>)[]): EnvironmentProviders', gave the following error.
    Argument of type 'Promise<typeof MusicGeneratorEffects>' is not assignable to parameter of type 'Type<unknown> | Record<string, FunctionalEffect<() => Observable<unknown>>>'.
      Type 'Promise<typeof MusicGeneratorEffects>' is not assignable to type 'Record<string, FunctionalEffect<() => Observable<unknown>>>'.
        Index signature for type 'string' is missing in type 'Promise<typeof MusicGeneratorEffects>'.[0m [1m[35m[plugin angular-compiler][0m

    src/app/modules/audio/audio.routes.ts:46:23:
[37m      46 │ ...deEffects([32mimport('./31-music-generator/music-generator.store').[37m...
         ╵              [32m~~~~~~~~~~~~~~~~~~~~~~~~~~~~~~~~~~~~~~~~~~~~~~~~~~~~~[0m

  Did you forget to use 'await'?

    src/app/modules/audio/audio.routes.ts:46:23:
[37m      46 │ ...deEffects([32mimport('./31-music-generator/music-generator.store').[37m...
         ╵              [32m~~~~~~~~~~~~~~~~~~~~~~~~~~~~~~~~~~~~~~~~~~~~~~~~~~~~~[0m


❯ Changes detected. Rebuilding...
✔ Changes detected. Rebuilding...
Browser bundles
Initial chunk files  | Names                        |  Raw size
styles.css           | styles                       | 117.77 kB |
main.js              | main                         |  21.54 kB |
chunk-5Q5MNDD2.js    | -                            |   3.09 kB |
chunk-6W5XQXAC.js    | -                            |   3.08 kB |
chunk-NJFTURA6.js    | -                            |   3.02 kB |
chunk-NES5K6CR.js    | -                            |   2.98 kB |
chunk-UEDJVXSE.js    | -                            |   2.97 kB |
chunk-4UQ4A2O5.js    | -                            |   2.95 kB |
chunk-C24E4TUH.js    | -                            |   2.90 kB |
chunk-SEBIIXZV.js    | -                            |   2.90 kB |
chunk-JCO354MF.js    | -                            |   2.86 kB |
chunk-JBFXXPNE.js    | -                            |   2.81 kB |
chunk-C3PPSSID.js    | -                            |   1.21 kB |
chunk-VUJOFXKG.js    | -                            | 938 bytes |

                     | Initial total                | 171.02 kB

Lazy chunk files     | Names                        |  Raw size
chunk-6WZVW6GS.js    | -                            |  33.65 kB |
chunk-3ETGGKJX.js    | colorGrading-component       |  30.86 kB |
chunk-5QVB33J3.js    | subtitleBurner-component     |  29.73 kB |
chunk-KEDVVWY3.js    | cropResize-component         |  29.60 kB |
chunk-UT2DGNWZ.js    | thumbnailGenerator-component |  29.39 kB |
chunk-JR2QTJK4.js    | speedController-component    |  28.89 kB |
chunk-BNF5JMPZ.js    | watermark-component          |  28.86 kB |
chunk-GW3IMTQP.js    | splitter-component           |  28.11 kB |
chunk-B5ICQQMD.js    | stabilizer-component         |  27.99 kB |
chunk-5NT4H6RI.js    | flipRotate-component         |  27.57 kB |
chunk-LSMU462O.js    | converter-component          |  27.30 kB |
chunk-OYZLCOPE.js    | upscaler-component           |  27.27 kB |
chunk-6HLPXXXS.js    | compressor-component         |  26.91 kB |
chunk-G2NK2J7I.js    | shell-component              |  26.75 kB |
chunk-5BR7ANFW.js    | denoiser-component           |  26.69 kB |
...and 222 more lazy chunks files. Use "--verbose" to show all the files.


Server bundles
Initial chunk files  | Names                        |  Raw size
polyfills.server.mjs | polyfills.server             | 427.81 kB |
main.server.mjs      | main.server                  |  22.82 kB |
chunk-ILIN3OVI.mjs   | -                            |   3.13 kB |
chunk-OF37AZBM.mjs   | -                            |   3.12 kB |
chunk-YQUX65VN.mjs   | -                            |   3.06 kB |
chunk-OAQAMDCL.mjs   | -                            |   3.02 kB |
chunk-KP3GLOFC.mjs   | -                            |   3.00 kB |
chunk-4QLD4FPR.mjs   | -                            |   2.98 kB |
chunk-WTCRKFCD.mjs   | -                            |   2.94 kB |
chunk-KHWDMTEP.mjs   | -                            |   2.93 kB |
chunk-DCLI26L6.mjs   | -                            |   2.89 kB |
chunk-LKSB3QWJ.mjs   | -                            |   2.84 kB |
server.mjs           | server                       |   1.81 kB |
chunk-S4JYOFFY.mjs   | -                            |   1.24 kB |
chunk-54EZUNS5.mjs   | -                            | 972 bytes |

Lazy chunk files     | Names                        |  Raw size
chunk-NWT24DDR.mjs   | -                            |  33.68 kB |
chunk-ETDV4RNG.mjs   | colorGrading-component       |  30.90 kB |
chunk-KHXB5D5F.mjs   | subtitleBurner-component     |  29.77 kB |
chunk-L5W3OD5K.mjs   | cropResize-component         |  29.64 kB |
chunk-2ZZNXNVP.mjs   | thumbnailGenerator-component |  29.43 kB |
chunk-PKX3C6FR.mjs   | speedController-component    |  28.93 kB |
chunk-KTLWUYUM.mjs   | watermark-component          |  28.90 kB |
chunk-ELSQ2DMO.mjs   | splitter-component           |  28.16 kB |
chunk-LF3YMNTV.mjs   | stabilizer-component         |  28.03 kB |
chunk-JSERUOWA.mjs   | flipRotate-component         |  27.61 kB |
chunk-NY2U4LYQ.mjs   | converter-component          |  27.35 kB |
chunk-FT7QGBML.mjs   | upscaler-component           |  27.31 kB |
chunk-JQNRGEYF.mjs   | compressor-component         |  26.95 kB |
chunk-LL7RCHBQ.mjs   | shell-component              |  26.79 kB |
chunk-PHCTIE2X.mjs   | denoiser-component           |  26.73 kB |
...and 161 more lazy chunks files. Use "--verbose" to show all the files.

Application bundle generation complete. [1.630 seconds] - 2026-03-16T09:49:20.933Z

Page reload sent to client(s).
❯ Changes detected. Rebuilding...
✔ Changes detected. Rebuilding...
Browser bundles
Initial chunk files  | Names                        |  Raw size
styles.css           | styles                       | 117.77 kB |
main.js              | main                         |  21.54 kB |
chunk-5Q5MNDD2.js    | -                            |   3.09 kB |
chunk-6W5XQXAC.js    | -                            |   3.08 kB |
chunk-NJFTURA6.js    | -                            |   3.02 kB |
chunk-NES5K6CR.js    | -                            |   2.98 kB |
chunk-UEDJVXSE.js    | -                            |   2.97 kB |
chunk-4UQ4A2O5.js    | -                            |   2.95 kB |
chunk-C24E4TUH.js    | -                            |   2.90 kB |
chunk-SEBIIXZV.js    | -                            |   2.90 kB |
chunk-JCO354MF.js    | -                            |   2.86 kB |
chunk-JBFXXPNE.js    | -                            |   2.81 kB |
chunk-C3PPSSID.js    | -                            |   1.21 kB |
chunk-VUJOFXKG.js    | -                            | 938 bytes |

                     | Initial total                | 171.02 kB

Lazy chunk files     | Names                        |  Raw size
chunk-6WZVW6GS.js    | -                            |  33.65 kB |
chunk-3ETGGKJX.js    | colorGrading-component       |  30.86 kB |
chunk-5QVB33J3.js    | subtitleBurner-component     |  29.73 kB |
chunk-KEDVVWY3.js    | cropResize-component         |  29.60 kB |
chunk-UT2DGNWZ.js    | thumbnailGenerator-component |  29.39 kB |
chunk-JR2QTJK4.js    | speedController-component    |  28.89 kB |
chunk-BNF5JMPZ.js    | watermark-component          |  28.86 kB |
chunk-GW3IMTQP.js    | splitter-component           |  28.11 kB |
chunk-B5ICQQMD.js    | stabilizer-component         |  27.99 kB |
chunk-5NT4H6RI.js    | flipRotate-component         |  27.57 kB |
chunk-LSMU462O.js    | converter-component          |  27.30 kB |
chunk-OYZLCOPE.js    | upscaler-component           |  27.27 kB |
chunk-6HLPXXXS.js    | compressor-component         |  26.91 kB |
chunk-G2NK2J7I.js    | shell-component              |  26.75 kB |
chunk-5BR7ANFW.js    | denoiser-component           |  26.69 kB |
...and 222 more lazy chunks files. Use "--verbose" to show all the files.


Server bundles
Initial chunk files  | Names                        |  Raw size
polyfills.server.mjs | polyfills.server             | 427.81 kB |
main.server.mjs      | main.server                  |  22.82 kB |
chunk-ILIN3OVI.mjs   | -                            |   3.13 kB |
chunk-OF37AZBM.mjs   | -                            |   3.12 kB |
chunk-YQUX65VN.mjs   | -                            |   3.06 kB |
chunk-OAQAMDCL.mjs   | -                            |   3.02 kB |
chunk-KP3GLOFC.mjs   | -                            |   3.00 kB |
chunk-4QLD4FPR.mjs   | -                            |   2.98 kB |
chunk-WTCRKFCD.mjs   | -                            |   2.94 kB |
chunk-KHWDMTEP.mjs   | -                            |   2.93 kB |
chunk-DCLI26L6.mjs   | -                            |   2.89 kB |
chunk-LKSB3QWJ.mjs   | -                            |   2.84 kB |
server.mjs           | server                       |   1.81 kB |
chunk-S4JYOFFY.mjs   | -                            |   1.24 kB |
chunk-54EZUNS5.mjs   | -                            | 972 bytes |

Lazy chunk files     | Names                        |  Raw size
chunk-NWT24DDR.mjs   | -                            |  33.68 kB |
chunk-ETDV4RNG.mjs   | colorGrading-component       |  30.90 kB |
chunk-KHXB5D5F.mjs   | subtitleBurner-component     |  29.77 kB |
chunk-L5W3OD5K.mjs   | cropResize-component         |  29.64 kB |
chunk-2ZZNXNVP.mjs   | thumbnailGenerator-component |  29.43 kB |
chunk-PKX3C6FR.mjs   | speedController-component    |  28.93 kB |
chunk-KTLWUYUM.mjs   | watermark-component          |  28.90 kB |
chunk-ELSQ2DMO.mjs   | splitter-component           |  28.16 kB |
chunk-LF3YMNTV.mjs   | stabilizer-component         |  28.03 kB |
chunk-JSERUOWA.mjs   | flipRotate-component         |  27.61 kB |
chunk-NY2U4LYQ.mjs   | converter-component          |  27.35 kB |
chunk-FT7QGBML.mjs   | upscaler-component           |  27.31 kB |
chunk-JQNRGEYF.mjs   | compressor-component         |  26.95 kB |
chunk-LL7RCHBQ.mjs   | shell-component              |  26.79 kB |
chunk-PHCTIE2X.mjs   | denoiser-component           |  26.73 kB |
...and 161 more lazy chunks files. Use "--verbose" to show all the files.

Application bundle generation complete. [1.209 seconds] - 2026-03-16T09:51:11.308Z
